Build started 18.12.2019. 20:25:19.
     1>Project "C:\Users\Korisnik\Documents\Visual Studio 2010\Projects\vjz8\vjz8\vjz8.vcxproj" on node 2 (build target(s)).
     1>InitializeBuildStatus:
         Creating "Debug\vjz8.unsuccessfulbuild" because "AlwaysCreate" was specified.
       ClCompile:
         All outputs are up-to-date.
       ManifestResourceCompile:
         All outputs are up-to-date.
       Link:
         c:\Program Files (x86)\Microsoft Visual Studio 10.0\VC\bin\link.exe /ERRORREPORT:PROMPT /OUT:"C:\Users\Korisnik\Documents\Visual Studio 2010\Projects\vjz8\Debug\vjz8.exe" /INCREMENTAL /NOLOGO kernel32.lib user32.lib gdi32.lib winspool.lib comdlg32.lib advapi32.lib shell32.lib ole32.lib oleaut32.lib uuid.lib odbc32.lib odbccp32.lib /MANIFEST /ManifestFile:"Debug\vjz8.exe.intermediate.manifest" /MANIFESTUAC:"level='asInvoker' uiAccess='false'" /DEBUG /PDB:"C:\Users\Korisnik\Documents\Visual Studio 2010\Projects\vjz8\Debug\vjz8.pdb" /SUBSYSTEM:CONSOLE /TLBID:1 /DYNAMICBASE /NXCOMPAT /IMPLIB:"C:\Users\Korisnik\Documents\Visual Studio 2010\Projects\vjz8\Debug\vjz8.lib" /MACHINE:X86 Debug\vjz8.exe.embed.manifest.res
         Debug\vjz7.obj
       Manifest:
         c:\Program Files (x86)\Microsoft SDKs\Windows\v7.0A\bin\mt.exe /nologo /verbose /out:"Debug\vjz8.exe.embed.manifest" /manifest Debug\vjz8.exe.intermediate.manifest
         All outputs are up-to-date.
       LinkEmbedManifest:
         All outputs are up-to-date.
         vjz8.vcxproj -> C:\Users\Korisnik\Documents\Visual Studio 2010\Projects\vjz8\Debug\vjz8.exe
       FinalizeBuildStatus:
         Deleting file "Debug\vjz8.unsuccessfulbuild".
         Touching "Debug\vjz8.lastbuildstate".
     1>Done Building Project "C:\Users\Korisnik\Documents\Visual Studio 2010\Projects\vjz8\vjz8\vjz8.vcxproj" (build target(s)).

Build succeeded.

Time Elapsed 00:00:00.33
